<?xml version="1.0" encoding="UTF-8"?>
<coverage generated="1631644519701" clover="3.2.0">
  <project timestamp="1631644519701" name="All files">
    <metrics statements="20" coveredstatements="19" conditionals="21" coveredconditionals="19" methods="4" coveredmethods="4" elements="45" coveredelements="42" complexity="0" loc="20" ncloc="20" packages="1" files="1" classes="1"/>
    <file name="gendiff.js" path="/mnt/c/Users/vvnez/Desktop/hexlet/backend-project-lvl2/src/gendiff.js">
      <metrics statements="20" coveredstatements="19" conditionals="21" coveredconditionals="19" methods="4" coveredmethods="4"/>
      <line num="6" count="1" type="stmt"/>
      <line num="7" count="1" type="stmt"/>
      <line num="8" count="2" type="stmt"/>
      <line num="9" count="2" type="stmt"/>
      <line num="16" count="1" type="stmt"/>
      <line num="17" count="1" type="stmt"/>
      <line num="18" count="1" type="stmt"/>
      <line num="19" count="5" type="stmt"/>
      <line num="20" count="5" type="cond" truecount="4" falsecount="0"/>
      <line num="21" count="2" type="cond" truecount="4" falsecount="0"/>
      <line num="22" count="1" type="stmt"/>
      <line num="24" count="1" type="cond" truecount="3" falsecount="1"/>
      <line num="25" count="1" type="stmt"/>
      <line num="27" count="3" type="cond" truecount="5" falsecount="0"/>
      <line num="28" count="1" type="stmt"/>
      <line num="29" count="2" type="cond" truecount="3" falsecount="1"/>
      <line num="30" count="2" type="stmt"/>
      <line num="32" count="0" type="stmt"/>
      <line num="34" count="1" type="stmt"/>
      <line num="35" count="1" type="stmt"/>
    </file>
  </project>
</coverage>
