{"/mnt/c/Users/vvnez/Desktop/hexlet/backend-project-lvl2/src/compareFiles.js": {"path":"/mnt/c/Users/vvnez/Desktop/hexlet/backend-project-lvl2/src/compareFiles.js","statementMap":{"0":{"start":{"line":3,"column":21},"end":{"line":32,"column":1}},"1":{"start":{"line":4,"column":23},"end":{"line":4,"column":58}},"2":{"start":{"line":5,"column":15},"end":{"line":29,"column":4}},"3":{"start":{"line":6,"column":4},"end":{"line":10,"column":5}},"4":{"start":{"line":7,"column":6},"end":{"line":9,"column":8}},"5":{"start":{"line":11,"column":4},"end":{"line":15,"column":5}},"6":{"start":{"line":12,"column":6},"end":{"line":14,"column":8}},"7":{"start":{"line":16,"column":4},"end":{"line":20,"column":5}},"8":{"start":{"line":17,"column":6},"end":{"line":19,"column":8}},"9":{"start":{"line":21,"column":4},"end":{"line":25,"column":5}},"10":{"start":{"line":22,"column":6},"end":{"line":24,"column":8}},"11":{"start":{"line":26,"column":4},"end":{"line":28,"column":6}},"12":{"start":{"line":31,"column":2},"end":{"line":31,"column":14}}},"fnMap":{"0":{"name":"(anonymous_0)","decl":{"start":{"line":3,"column":21},"end":{"line":3,"column":22}},"loc":{"start":{"line":3,"column":39},"end":{"line":32,"column":1}},"line":3},"1":{"name":"(anonymous_1)","decl":{"start":{"line":5,"column":42},"end":{"line":5,"column":43}},"loc":{"start":{"line":5,"column":51},"end":{"line":29,"column":3}},"line":5}},"branchMap":{"0":{"loc":{"start":{"line":6,"column":4},"end":{"line":10,"column":5}},"type":"if","locations":[{"start":{"line":6,"column":4},"end":{"line":10,"column":5}},{"start":{"line":6,"column":4},"end":{"line":10,"column":5}}],"line":6},"1":{"loc":{"start":{"line":11,"column":4},"end":{"line":15,"column":5}},"type":"if","locations":[{"start":{"line":11,"column":4},"end":{"line":15,"column":5}},{"start":{"line":11,"column":4},"end":{"line":15,"column":5}}],"line":11},"2":{"loc":{"start":{"line":16,"column":4},"end":{"line":20,"column":5}},"type":"if","locations":[{"start":{"line":16,"column":4},"end":{"line":20,"column":5}},{"start":{"line":16,"column":4},"end":{"line":20,"column":5}}],"line":16},"3":{"loc":{"start":{"line":16,"column":8},"end":{"line":16,"column":56}},"type":"binary-expr","locations":[{"start":{"line":16,"column":8},"end":{"line":16,"column":30}},{"start":{"line":16,"column":34},"end":{"line":16,"column":56}}],"line":16},"4":{"loc":{"start":{"line":21,"column":4},"end":{"line":25,"column":5}},"type":"if","locations":[{"start":{"line":21,"column":4},"end":{"line":25,"column":5}},{"start":{"line":21,"column":4},"end":{"line":25,"column":5}}],"line":21}},"s":{"0":1,"1":2,"2":2,"3":10,"4":4,"5":6,"6":2,"7":4,"8":0,"9":4,"10":2,"11":2,"12":2},"f":{"0":2,"1":10},"b":{"0":[4,6],"1":[2,4],"2":[0,4],"3":[4,0],"4":[2,2]},"_coverageSchema":"1a1c01bbd47fc00a2c39e90264f33305004495a9","hash":"fa37c9b8c77b030be1bdbcc0b77df1e6dd685114"}
,"/mnt/c/Users/vvnez/Desktop/hexlet/backend-project-lvl2/src/gendiff.js": {"path":"/mnt/c/Users/vvnez/Desktop/hexlet/backend-project-lvl2/src/gendiff.js","statementMap":{"0":{"start":{"line":9,"column":21},"end":{"line":9,"column":51}},"1":{"start":{"line":10,"column":20},"end":{"line":10,"column":39}},"2":{"start":{"line":11,"column":25},"end":{"line":11,"column":91}},"3":{"start":{"line":11,"column":39},"end":{"line":11,"column":91}},"4":{"start":{"line":12,"column":19},"end":{"line":12,"column":114}},"5":{"start":{"line":12,"column":33},"end":{"line":12,"column":114}},"6":{"start":{"line":13,"column":16},"end":{"line":13,"column":31}},"7":{"start":{"line":14,"column":16},"end":{"line":14,"column":31}},"8":{"start":{"line":15,"column":2},"end":{"line":15,"column":45}}},"fnMap":{"0":{"name":"(anonymous_0)","decl":{"start":{"line":8,"column":15},"end":{"line":8,"column":16}},"loc":{"start":{"line":8,"column":33},"end":{"line":16,"column":1}},"line":8},"1":{"name":"(anonymous_1)","decl":{"start":{"line":11,"column":25},"end":{"line":11,"column":26}},"loc":{"start":{"line":11,"column":39},"end":{"line":11,"column":91}},"line":11},"2":{"name":"(anonymous_2)","decl":{"start":{"line":12,"column":19},"end":{"line":12,"column":20}},"loc":{"start":{"line":12,"column":33},"end":{"line":12,"column":114}},"line":12}},"branchMap":{},"s":{"0":2,"1":2,"2":2,"3":4,"4":2,"5":4,"6":2,"7":2,"8":2},"f":{"0":2,"1":4,"2":4},"b":{},"_coverageSchema":"1a1c01bbd47fc00a2c39e90264f33305004495a9","hash":"9c47a90070af4b521eb1b178bdfbbd3ff00f8e7e"}
,"/mnt/c/Users/vvnez/Desktop/hexlet/backend-project-lvl2/src/parsers.js": {"path":"/mnt/c/Users/vvnez/Desktop/hexlet/backend-project-lvl2/src/parsers.js","statementMap":{"0":{"start":{"line":3,"column":14},"end":{"line":13,"column":1}},"1":{"start":{"line":4,"column":2},"end":{"line":12,"column":3}},"2":{"start":{"line":6,"column":6},"end":{"line":6,"column":30}},"3":{"start":{"line":9,"column":6},"end":{"line":9,"column":29}},"4":{"start":{"line":11,"column":6},"end":{"line":11,"column":52}}},"fnMap":{"0":{"name":"(anonymous_0)","decl":{"start":{"line":3,"column":14},"end":{"line":3,"column":15}},"loc":{"start":{"line":3,"column":35},"end":{"line":13,"column":1}},"line":3}},"branchMap":{"0":{"loc":{"start":{"line":4,"column":2},"end":{"line":12,"column":3}},"type":"switch","locations":[{"start":{"line":5,"column":4},"end":{"line":6,"column":30}},{"start":{"line":7,"column":4},"end":{"line":7,"column":17}},{"start":{"line":8,"column":4},"end":{"line":9,"column":29}},{"start":{"line":10,"column":4},"end":{"line":11,"column":52}}],"line":4}},"s":{"0":1,"1":4,"2":2,"3":2,"4":0},"f":{"0":4},"b":{"0":[2,0,2,0]},"_coverageSchema":"1a1c01bbd47fc00a2c39e90264f33305004495a9","hash":"c4c8db57de9cf1f1978547918e80987d8f1690bd"}
,"/mnt/c/Users/vvnez/Desktop/hexlet/backend-project-lvl2/src/stylish.js": {"path":"/mnt/c/Users/vvnez/Desktop/hexlet/backend-project-lvl2/src/stylish.js","statementMap":{"0":{"start":{"line":3,"column":18},"end":{"line":11,"column":1}},"1":{"start":{"line":4,"column":2},"end":{"line":6,"column":3}},"2":{"start":{"line":5,"column":4},"end":{"line":5,"column":24}},"3":{"start":{"line":7,"column":16},"end":{"line":8,"column":102}},"4":{"start":{"line":8,"column":27},"end":{"line":8,"column":101}},"5":{"start":{"line":9,"column":17},"end":{"line":9,"column":73}},"6":{"start":{"line":10,"column":2},"end":{"line":10,"column":16}},"7":{"start":{"line":14,"column":15},"end":{"line":32,"column":3}},"8":{"start":{"line":15,"column":18},"end":{"line":29,"column":6}},"9":{"start":{"line":18,"column":10},"end":{"line":18,"column":14}},"10":{"start":{"line":19,"column":6},"end":{"line":21,"column":7}},"11":{"start":{"line":20,"column":8},"end":{"line":20,"column":92}},"12":{"start":{"line":21,"column":8},"end":{"line":23,"column":7}},"13":{"start":{"line":22,"column":8},"end":{"line":22,"column":93}},"14":{"start":{"line":23,"column":8},"end":{"line":25,"column":7}},"15":{"start":{"line":24,"column":8},"end":{"line":24,"column":90}},"16":{"start":{"line":25,"column":8},"end":{"line":27,"column":7}},"17":{"start":{"line":26,"column":8},"end":{"line":26,"column":93}},"18":{"start":{"line":28,"column":6},"end":{"line":28,"column":167}},"19":{"start":{"line":30,"column":19},"end":{"line":30,"column":82}},"20":{"start":{"line":31,"column":4},"end":{"line":31,"column":18}},"21":{"start":{"line":33,"column":2},"end":{"line":33,"column":20}}},"fnMap":{"0":{"name":"(anonymous_0)","decl":{"start":{"line":3,"column":18},"end":{"line":3,"column":19}},"loc":{"start":{"line":3,"column":40},"end":{"line":11,"column":1}},"line":3},"1":{"name":"(anonymous_1)","decl":{"start":{"line":8,"column":9},"end":{"line":8,"column":10}},"loc":{"start":{"line":8,"column":27},"end":{"line":8,"column":101}},"line":8},"2":{"name":"(anonymous_2)","decl":{"start":{"line":13,"column":15},"end":{"line":13,"column":16}},"loc":{"start":{"line":13,"column":25},"end":{"line":34,"column":1}},"line":13},"3":{"name":"(anonymous_3)","decl":{"start":{"line":14,"column":15},"end":{"line":14,"column":16}},"loc":{"start":{"line":14,"column":47},"end":{"line":32,"column":3}},"line":14},"4":{"name":"(anonymous_4)","decl":{"start":{"line":15,"column":33},"end":{"line":15,"column":34}},"loc":{"start":{"line":15,"column":43},"end":{"line":29,"column":5}},"line":15}},"branchMap":{"0":{"loc":{"start":{"line":4,"column":2},"end":{"line":6,"column":3}},"type":"if","locations":[{"start":{"line":4,"column":2},"end":{"line":6,"column":3}},{"start":{"line":4,"column":2},"end":{"line":6,"column":3}}],"line":4},"1":{"loc":{"start":{"line":14,"column":28},"end":{"line":14,"column":42}},"type":"default-arg","locations":[{"start":{"line":14,"column":41},"end":{"line":14,"column":42}}],"line":14},"2":{"loc":{"start":{"line":19,"column":6},"end":{"line":21,"column":7}},"type":"if","locations":[{"start":{"line":19,"column":6},"end":{"line":21,"column":7}},{"start":{"line":19,"column":6},"end":{"line":21,"column":7}}],"line":19},"3":{"loc":{"start":{"line":21,"column":8},"end":{"line":23,"column":7}},"type":"if","locations":[{"start":{"line":21,"column":8},"end":{"line":23,"column":7}},{"start":{"line":21,"column":8},"end":{"line":23,"column":7}}],"line":21},"4":{"loc":{"start":{"line":23,"column":8},"end":{"line":25,"column":7}},"type":"if","locations":[{"start":{"line":23,"column":8},"end":{"line":25,"column":7}},{"start":{"line":23,"column":8},"end":{"line":25,"column":7}}],"line":23},"5":{"loc":{"start":{"line":25,"column":8},"end":{"line":27,"column":7}},"type":"if","locations":[{"start":{"line":25,"column":8},"end":{"line":27,"column":7}},{"start":{"line":25,"column":8},"end":{"line":27,"column":7}}],"line":25}},"s":{"0":1,"1":12,"2":12,"3":0,"4":0,"5":0,"6":0,"7":2,"8":2,"9":10,"10":10,"11":2,"12":8,"13":4,"14":4,"15":0,"16":4,"17":2,"18":2,"19":2,"20":2,"21":2},"f":{"0":12,"1":0,"2":2,"3":2,"4":10},"b":{"0":[12,0],"1":[2],"2":[2,8],"3":[4,4],"4":[0,4],"5":[2,2]},"_coverageSchema":"1a1c01bbd47fc00a2c39e90264f33305004495a9","hash":"f7d7a1f6d27964ae8459749902dec9b890a139fe"}
}
