{"/mnt/c/Users/vvnez/Desktop/hexlet/backend-project-lvl2/src/gendiff.js": {"path":"/mnt/c/Users/vvnez/Desktop/hexlet/backend-project-lvl2/src/gendiff.js","statementMap":{"0":{"start":{"line":6,"column":19},"end":{"line":6,"column":49}},"1":{"start":{"line":7,"column":18},"end":{"line":7,"column":37}},"2":{"start":{"line":8,"column":23},"end":{"line":8,"column":89}},"3":{"start":{"line":8,"column":37},"end":{"line":8,"column":89}},"4":{"start":{"line":9,"column":17},"end":{"line":9,"column":93}},"5":{"start":{"line":9,"column":31},"end":{"line":9,"column":93}},"6":{"start":{"line":16,"column":16},"end":{"line":16,"column":31}},"7":{"start":{"line":17,"column":16},"end":{"line":17,"column":31}},"8":{"start":{"line":18,"column":13},"end":{"line":33,"column":3}},"9":{"start":{"line":19,"column":25},"end":{"line":19,"column":32}},"10":{"start":{"line":20,"column":4},"end":{"line":31,"column":5}},"11":{"start":{"line":21,"column":6},"end":{"line":23,"column":7}},"12":{"start":{"line":22,"column":8},"end":{"line":22,"column":46}},"13":{"start":{"line":24,"column":6},"end":{"line":26,"column":7}},"14":{"start":{"line":25,"column":8},"end":{"line":25,"column":73}},"15":{"start":{"line":27,"column":11},"end":{"line":31,"column":5}},"16":{"start":{"line":28,"column":6},"end":{"line":28,"column":44}},"17":{"start":{"line":29,"column":11},"end":{"line":31,"column":5}},"18":{"start":{"line":30,"column":6},"end":{"line":30,"column":44}},"19":{"start":{"line":32,"column":4},"end":{"line":32,"column":15}},"20":{"start":{"line":34,"column":23},"end":{"line":34,"column":101}},"21":{"start":{"line":35,"column":2},"end":{"line":35,"column":67}}},"fnMap":{"0":{"name":"(anonymous_0)","decl":{"start":{"line":8,"column":23},"end":{"line":8,"column":24}},"loc":{"start":{"line":8,"column":37},"end":{"line":8,"column":89}},"line":8},"1":{"name":"(anonymous_1)","decl":{"start":{"line":9,"column":17},"end":{"line":9,"column":18}},"loc":{"start":{"line":9,"column":31},"end":{"line":9,"column":93}},"line":9},"2":{"name":"(anonymous_2)","decl":{"start":{"line":15,"column":15},"end":{"line":15,"column":16}},"loc":{"start":{"line":15,"column":33},"end":{"line":36,"column":1}},"line":15},"3":{"name":"(anonymous_3)","decl":{"start":{"line":18,"column":13},"end":{"line":18,"column":14}},"loc":{"start":{"line":18,"column":31},"end":{"line":33,"column":3}},"line":18}},"branchMap":{"0":{"loc":{"start":{"line":20,"column":4},"end":{"line":31,"column":5}},"type":"if","locations":[{"start":{"line":20,"column":4},"end":{"line":31,"column":5}},{"start":{"line":20,"column":4},"end":{"line":31,"column":5}}],"line":20},"1":{"loc":{"start":{"line":20,"column":8},"end":{"line":20,"column":46}},"type":"binary-expr","locations":[{"start":{"line":20,"column":8},"end":{"line":20,"column":25}},{"start":{"line":20,"column":29},"end":{"line":20,"column":46}}],"line":20},"2":{"loc":{"start":{"line":21,"column":6},"end":{"line":23,"column":7}},"type":"if","locations":[{"start":{"line":21,"column":6},"end":{"line":23,"column":7}},{"start":{"line":21,"column":6},"end":{"line":23,"column":7}}],"line":21},"3":{"loc":{"start":{"line":21,"column":10},"end":{"line":21,"column":54}},"type":"binary-expr","locations":[{"start":{"line":21,"column":10},"end":{"line":21,"column":30}},{"start":{"line":21,"column":34},"end":{"line":21,"column":54}}],"line":21},"4":{"loc":{"start":{"line":24,"column":6},"end":{"line":26,"column":7}},"type":"if","locations":[{"start":{"line":24,"column":6},"end":{"line":26,"column":7}},{"start":{"line":24,"column":6},"end":{"line":26,"column":7}}],"line":24},"5":{"loc":{"start":{"line":24,"column":10},"end":{"line":24,"column":54}},"type":"binary-expr","locations":[{"start":{"line":24,"column":10},"end":{"line":24,"column":30}},{"start":{"line":24,"column":34},"end":{"line":24,"column":54}}],"line":24},"6":{"loc":{"start":{"line":27,"column":11},"end":{"line":31,"column":5}},"type":"if","locations":[{"start":{"line":27,"column":11},"end":{"line":31,"column":5}},{"start":{"line":27,"column":11},"end":{"line":31,"column":5}}],"line":27},"7":{"loc":{"start":{"line":27,"column":15},"end":{"line":27,"column":78}},"type":"binary-expr","locations":[{"start":{"line":27,"column":15},"end":{"line":27,"column":33}},{"start":{"line":27,"column":37},"end":{"line":27,"column":54}},{"start":{"line":27,"column":58},"end":{"line":27,"column":78}}],"line":27},"8":{"loc":{"start":{"line":29,"column":11},"end":{"line":31,"column":5}},"type":"if","locations":[{"start":{"line":29,"column":11},"end":{"line":31,"column":5}},{"start":{"line":29,"column":11},"end":{"line":31,"column":5}}],"line":29},"9":{"loc":{"start":{"line":29,"column":15},"end":{"line":29,"column":55}},"type":"binary-expr","locations":[{"start":{"line":29,"column":15},"end":{"line":29,"column":33}},{"start":{"line":29,"column":37},"end":{"line":29,"column":55}}],"line":29}},"s":{"0":1,"1":1,"2":1,"3":2,"4":1,"5":2,"6":1,"7":1,"8":1,"9":5,"10":5,"11":2,"12":1,"13":1,"14":1,"15":3,"16":1,"17":2,"18":2,"19":0,"20":1,"21":1},"f":{"0":2,"1":2,"2":1,"3":5},"b":{"0":[2,3],"1":[5,4],"2":[1,1],"3":[2,1],"4":[1,0],"5":[1,1],"6":[1,2],"7":[3,1,1],"8":[2,0],"9":[2,2]},"_coverageSchema":"1a1c01bbd47fc00a2c39e90264f33305004495a9","hash":"df3e25b96dd6a7db3aad00f7fb8a1d65b7db1443"}
}
