TN:
SF:src/compareFiles.js
FN:1,compareFiles
FNF:1
FNH:1
FNDA:10,compareFiles
DA:1,10
DA:2,10
DA:3,10
DA:4,10
DA:5,4
DA:6,4
DA:7,36
DA:8,36
DA:9,10
DA:10,10
DA:11,10
DA:12,36
DA:13,36
DA:14,8
DA:15,8
DA:16,8
DA:17,8
DA:18,36
DA:19,8
DA:20,8
DA:21,8
DA:22,8
DA:23,36
DA:24,6
DA:25,6
DA:26,6
DA:27,1
DA:28,1
DA:29,1
DA:30,1
DA:31,1
DA:32,1
DA:33,1
DA:34,1
LF:34
LH:34
BRDA:1,0,0,10
BRDA:4,1,0,36
BRDA:4,2,0,4
BRDA:7,3,0,32
BRDA:8,4,0,10
BRDA:12,5,0,22
BRDA:13,6,0,10
BRDA:13,7,0,8
BRDA:18,8,0,14
BRDA:18,9,0,8
BRDA:23,10,0,6
BRF:11
BRH:11
end_of_record
TN:
SF:src/gendiff.js
FN:5,default
FN:9,getFixturePath
FN:11,readFile
FNF:3
FNH:3
FNDA:2,default
FNDA:4,getFixturePath
FNDA:4,readFile
DA:1,1
DA:2,1
DA:3,1
DA:4,1
DA:5,1
DA:6,2
DA:7,2
DA:8,2
DA:9,2
DA:10,4
DA:11,2
DA:12,2
DA:13,1
DA:14,1
DA:15,1
DA:16,1
LF:16
LH:16
BRDA:5,0,0,2
BRDA:9,1,0,4
BRDA:11,2,0,4
BRF:3
BRH:3
end_of_record
TN:
SF:src/parsers.js
FN:1,parse
FNF:1
FNH:1
FNDA:4,parse
DA:1,2
DA:2,2
DA:3,4
DA:4,4
DA:5,2
DA:6,4
DA:7,0
DA:8,0
DA:9,1
DA:10,1
DA:11,1
DA:12,1
DA:13,1
DA:14,1
DA:15,1
LF:15
LH:13
BRDA:1,0,0,4
BRDA:1,1,0,2
BRDA:3,2,0,2
BRDA:4,3,0,2
BRDA:6,4,0,0
BRF:5
BRH:4
end_of_record
TN:
SF:src/stylish.js
FN:1,stringify
FN:9,default
FN:9,iter
FNF:3
FNH:3
FNDA:54,stringify
FNDA:2,default
FNDA:10,iter
DA:1,40
DA:2,40
DA:3,54
DA:4,14
DA:5,18
DA:6,18
DA:7,18
DA:8,14
DA:9,1
DA:10,10
DA:11,10
DA:12,10
DA:13,10
DA:14,10
DA:15,36
DA:16,36
DA:17,36
DA:18,10
DA:19,10
DA:20,36
DA:21,4
DA:22,36
DA:23,8
DA:24,36
DA:25,6
DA:26,36
DA:27,8
DA:28,10
DA:29,10
DA:30,1
DA:31,1
DA:32,1
DA:33,1
DA:34,1
LF:34
LH:34
BRDA:1,0,0,54
BRDA:1,1,0,40
BRDA:3,2,0,14
BRDA:4,3,0,18
BRDA:9,4,0,2
BRDA:9,5,0,10
BRDA:14,6,0,36
BRDA:17,7,0,10
BRDA:20,8,0,26
BRDA:20,9,0,4
BRDA:22,10,0,22
BRDA:22,11,0,8
BRDA:24,12,0,14
BRDA:24,13,0,6
BRDA:26,14,0,8
BRF:15
BRH:15
end_of_record
