TN:
SF:src/compareFiles.js
FN:3,(anonymous_0)
FN:5,(anonymous_1)
FNF:2
FNH:2
FNDA:2,(anonymous_0)
FNDA:10,(anonymous_1)
DA:3,1
DA:4,2
DA:5,2
DA:6,10
DA:7,4
DA:11,6
DA:12,2
DA:16,4
DA:17,0
DA:21,4
DA:22,2
DA:26,2
DA:31,2
LF:13
LH:12
BRDA:6,0,0,4
BRDA:6,0,1,6
BRDA:11,1,0,2
BRDA:11,1,1,4
BRDA:16,2,0,0
BRDA:16,2,1,4
BRDA:16,3,0,4
BRDA:16,3,1,0
BRDA:21,4,0,2
BRDA:21,4,1,2
BRF:10
BRH:8
end_of_record
TN:
SF:src/gendiff.js
FN:8,(anonymous_0)
FN:11,(anonymous_1)
FN:12,(anonymous_2)
FNF:3
FNH:3
FNDA:2,(anonymous_0)
FNDA:4,(anonymous_1)
FNDA:4,(anonymous_2)
DA:9,2
DA:10,2
DA:11,4
DA:12,4
DA:13,2
DA:14,2
DA:15,2
LF:7
LH:7
BRF:0
BRH:0
end_of_record
TN:
SF:src/parsers.js
FN:3,(anonymous_0)
FNF:1
FNH:1
FNDA:4,(anonymous_0)
DA:3,1
DA:4,4
DA:6,2
DA:9,2
DA:11,0
LF:5
LH:4
BRDA:4,0,0,2
BRDA:4,0,1,0
BRDA:4,0,2,2
BRDA:4,0,3,0
BRF:4
BRH:2
end_of_record
TN:
SF:src/stylish.js
FN:3,(anonymous_0)
FN:8,(anonymous_1)
FN:13,(anonymous_2)
FN:14,(anonymous_3)
FN:15,(anonymous_4)
FNF:5
FNH:4
FNDA:12,(anonymous_0)
FNDA:0,(anonymous_1)
FNDA:2,(anonymous_2)
FNDA:2,(anonymous_3)
FNDA:10,(anonymous_4)
DA:3,1
DA:4,12
DA:5,12
DA:7,0
DA:8,0
DA:9,0
DA:10,0
DA:14,2
DA:15,2
DA:18,10
DA:19,10
DA:20,2
DA:21,8
DA:22,4
DA:23,4
DA:24,0
DA:25,4
DA:26,2
DA:28,2
DA:30,2
DA:31,2
DA:33,2
LF:22
LH:17
BRDA:4,0,0,12
BRDA:4,0,1,0
BRDA:14,1,0,2
BRDA:19,2,0,2
BRDA:19,2,1,8
BRDA:21,3,0,4
BRDA:21,3,1,4
BRDA:23,4,0,0
BRDA:23,4,1,4
BRDA:25,5,0,2
BRDA:25,5,1,2
BRF:11
BRH:9
end_of_record
